<?xml version="1.0" encoding="UTF-8"?>
<!-- Generated by org.testng.reporters.JUnitXMLReporter -->
<testsuite ignored="0" hostname="LAPTOP-22RTROP7" failures="0" tests="5" name="Default test" time="39.999" errors="0" timestamp="2022-06-27T22:27:51 IST">
  <testcase classname="Test.testOne" name="hitWebsite" time="24.212"/>
  <testcase classname="Test.testOne" name="checkFormText" time="0.066"/>
  <testcase classname="Test.testOne" name="checkAlertsText" time="0.055"/>
  <testcase classname="Test.testOne" name="checkWidgetsText" time="0.05"/>
  <testcase classname="Test.testOne" name="checkInteractionsText" time="0.059"/>
</testsuite> <!-- Default test -->
